<?xml version="1.0" encoding="UTF-8"?>
<!-- Generated by org.testng.reporters.JUnitReportReporter -->
<testsuite skipped="0" hostname="sairam-PC" name="TestNG.NewTest3" tests="1" failures="0" timestamp="05 Aug 2018 02:55:58 GMT" time="12.828" errors="0">
  <testcase name="verifytitle1" time="12.828" classname="TestNG.NewTest3"/>
</testsuite> <!-- TestNG.NewTest3 -->
